<?xml version="1.0" encoding="UTF-8"?>
<testsuite xmlns:xsi="http://www.w3.org/2001/XMLSchema-instance" xsi:noNamespaceSchemaLocation="https://maven.apache.org/surefire/maven-surefire-plugin/xsd/surefire-test-report.xsd" version="3.0.1" name="com.miempresa.AppTest" time="0.036" tests="1" errors="0" skipped="0" failures="0">
  <properties>
    <property name="java.specification.version" value="23"/>
    <property name="sun.cpu.isalist" value="amd64"/>
    <property name="sun.jnu.encoding" value="Cp1252"/>
    <property name="java.class.path" value="C:\Users\Milena Vardumyan\Desktop\MavenProjectes\mi-proyecto-iot\target\test-classes;C:\Users\Milena Vardumyan\Desktop\MavenProjectes\mi-proyecto-iot\target\classes;C:\Users\Milena Vardumyan\.m2\repository\org\junit\jupiter\junit-jupiter-api\5.11.0\junit-jupiter-api-5.11.0.jar;C:\Users\Milena Vardumyan\.m2\repository\org\opentest4j\opentest4j\1.3.0\opentest4j-1.3.0.jar;C:\Users\Milena Vardumyan\.m2\repository\org\junit\platform\junit-platform-commons\1.11.0\junit-platform-commons-1.11.0.jar;C:\Users\Milena Vardumyan\.m2\repository\org\apiguardian\apiguardian-api\1.1.2\apiguardian-api-1.1.2.jar;C:\Users\Milena Vardumyan\.m2\repository\org\junit\jupiter\junit-jupiter-params\5.11.0\junit-jupiter-params-5.11.0.jar;C:\Users\Milena Vardumyan\.m2\repository\com\amazonaws\aws-iot-device-sdk-java\1.3.9\aws-iot-device-sdk-java-1.3.9.jar;C:\Users\Milena Vardumyan\.m2\repository\com\fasterxml\jackson\core\jackson-core\2.12.0\jackson-core-2.12.0.jar;C:\Users\Milena Vardumyan\.m2\repository\com\fasterxml\jackson\core\jackson-databind\2.12.0\jackson-databind-2.12.0.jar;C:\Users\Milena Vardumyan\.m2\repository\com\fasterxml\jackson\core\jackson-annotations\2.12.0\jackson-annotations-2.12.0.jar;C:\Users\Milena Vardumyan\.m2\repository\org\eclipse\paho\org.eclipse.paho.client.mqttv3\1.2.2\org.eclipse.paho.client.mqttv3-1.2.2.jar;C:\Users\Milena Vardumyan\.m2\repository\com\amazonaws\aws-iot-device-sdk-java-samples\1.3.9\aws-iot-device-sdk-java-samples-1.3.9.jar;C:\Users\Milena Vardumyan\.m2\repository\commons-codec\commons-codec\1.12\commons-codec-1.12.jar;"/>
    <property name="java.vm.vendor" value="Oracle Corporation"/>
    <property name="sun.arch.data.model" value="64"/>
    <property name="user.variant" value=""/>
    <property name="java.vendor.url" value="https://java.oracle.com/"/>
    <property name="user.timezone" value="Europe/Madrid"/>
    <property name="os.name" value="Windows 10"/>
    <property name="java.vm.specification.version" value="23"/>
    <property name="sun.java.launcher" value="SUN_STANDARD"/>
    <property name="user.country" value="ES"/>
    <property name="sun.boot.library.path" value="C:\Program Files\Java\jdk-23\bin"/>
    <property name="sun.java.command" value="D:\Temp\surefire5527045205092648670\surefirebooter-20241119154735957_3.jar D:\Temp\surefire5527045205092648670 2024-11-19T15-47-34_723-jvmRun1 surefire-20241119154735957_1tmp surefire_0-20241119154735957_2tmp"/>
    <property name="jdk.debug" value="release"/>
    <property name="surefire.test.class.path" value="C:\Users\Milena Vardumyan\Desktop\MavenProjectes\mi-proyecto-iot\target\test-classes;C:\Users\Milena Vardumyan\Desktop\MavenProjectes\mi-proyecto-iot\target\classes;C:\Users\Milena Vardumyan\.m2\repository\org\junit\jupiter\junit-jupiter-api\5.11.0\junit-jupiter-api-5.11.0.jar;C:\Users\Milena Vardumyan\.m2\repository\org\opentest4j\opentest4j\1.3.0\opentest4j-1.3.0.jar;C:\Users\Milena Vardumyan\.m2\repository\org\junit\platform\junit-platform-commons\1.11.0\junit-platform-commons-1.11.0.jar;C:\Users\Milena Vardumyan\.m2\repository\org\apiguardian\apiguardian-api\1.1.2\apiguardian-api-1.1.2.jar;C:\Users\Milena Vardumyan\.m2\repository\org\junit\jupiter\junit-jupiter-params\5.11.0\junit-jupiter-params-5.11.0.jar;C:\Users\Milena Vardumyan\.m2\repository\com\amazonaws\aws-iot-device-sdk-java\1.3.9\aws-iot-device-sdk-java-1.3.9.jar;C:\Users\Milena Vardumyan\.m2\repository\com\fasterxml\jackson\core\jackson-core\2.12.0\jackson-core-2.12.0.jar;C:\Users\Milena Vardumyan\.m2\repository\com\fasterxml\jackson\core\jackson-databind\2.12.0\jackson-databind-2.12.0.jar;C:\Users\Milena Vardumyan\.m2\repository\com\fasterxml\jackson\core\jackson-annotations\2.12.0\jackson-annotations-2.12.0.jar;C:\Users\Milena Vardumyan\.m2\repository\org\eclipse\paho\org.eclipse.paho.client.mqttv3\1.2.2\org.eclipse.paho.client.mqttv3-1.2.2.jar;C:\Users\Milena Vardumyan\.m2\repository\com\amazonaws\aws-iot-device-sdk-java-samples\1.3.9\aws-iot-device-sdk-java-samples-1.3.9.jar;C:\Users\Milena Vardumyan\.m2\repository\commons-codec\commons-codec\1.12\commons-codec-1.12.jar;"/>
    <property name="sun.cpu.endian" value="little"/>
    <property name="user.home" value="C:\Users\Milena Vardumyan"/>
    <property name="user.language" value="ca"/>
    <property name="java.specification.vendor" value="Oracle Corporation"/>
    <property name="java.version.date" value="2024-10-15"/>
    <property name="java.home" value="C:\Program Files\Java\jdk-23"/>
    <property name="file.separator" value="\"/>
    <property name="basedir" value="C:\Users\Milena Vardumyan\Desktop\MavenProjectes\mi-proyecto-iot"/>
    <property name="java.vm.compressedOopsMode" value="Zero based"/>
    <property name="line.separator" value="&#10;"/>
    <property name="java.vm.specification.vendor" value="Oracle Corporation"/>
    <property name="java.specification.name" value="Java Platform API Specification"/>
    <property name="surefire.real.class.path" value="D:\Temp\surefire5527045205092648670\surefirebooter-20241119154735957_3.jar"/>
    <property name="user.script" value=""/>
    <property name="sun.management.compiler" value="HotSpot 64-Bit Tiered Compilers"/>
    <property name="java.runtime.version" value="23.0.1+11-39"/>
    <property name="user.name" value="Milena Vardumyan"/>
    <property name="stdout.encoding" value="Cp1252"/>
    <property name="path.separator" value=";"/>
    <property name="os.version" value="10.0"/>
    <property name="java.runtime.name" value="Java(TM) SE Runtime Environment"/>
    <property name="file.encoding" value="UTF-8"/>
    <property name="java.vm.name" value="Java HotSpot(TM) 64-Bit Server VM"/>
    <property name="localRepository" value="C:\Users\Milena Vardumyan\.m2\repository"/>
    <property name="java.vendor.url.bug" value="https://bugreport.java.com/bugreport/"/>
    <property name="java.io.tmpdir" value="D:\Temp\"/>
    <property name="java.version" value="23.0.1"/>
    <property name="user.dir" value="C:\Users\Milena Vardumyan\Desktop\MavenProjectes\mi-proyecto-iot"/>
    <property name="os.arch" value="amd64"/>
    <property name="java.vm.specification.name" value="Java Virtual Machine Specification"/>
    <property name="sun.os.patch.level" value=""/>
    <property name="native.encoding" value="Cp1252"/>
    <property name="java.library.path" value="C:\Program Files\Java\jdk-23\bin;C:\Windows\Sun\Java\bin;C:\Windows\system32;C:\Windows;C:\Program Files (x86)\Common Files\Oracle\Java\javapath;C:\Windows\system32;C:\Windows;C:\Windows\System32\Wbem;C:\Windows\System32\WindowsPowerShell\v1.0\;C:\Windows\System32\OpenSSH\;D:\Usuaris\Milena Vardumyan\Git\cmd;C:\Program Files\Docker\Docker\resources\bin;C:\Users\Milena Vardumyan\AppData\Local\Programs\Python\Python312\Scripts\;C:\Users\Milena Vardumyan\AppData\Local\Programs\Python\Python312\;C:\Users\Milena Vardumyan\AppData\Local\Microsoft\WindowsApps;D:\Usuaris\Milena Vardumyan\Microsoft VS Code\bin;C:\Users\Milena Vardumyan\AppData\Local\GitHubDesktop\bin;C:\Program Files\PostgreSQL\17\bin;C:\Users\Milena Vardumyan\Desktop\maven\apache-maven-3.9.9-bin\apache-maven-3.9.9\bin;C:\Program Files\Java\jdk-23\bin;;."/>
    <property name="java.vm.info" value="mixed mode, sharing"/>
    <property name="stderr.encoding" value="Cp1252"/>
    <property name="java.vendor" value="Oracle Corporation"/>
    <property name="java.vm.version" value="23.0.1+11-39"/>
    <property name="sun.io.unicode.encoding" value="UnicodeLittle"/>
    <property name="java.class.version" value="67.0"/>
  </properties>
  <testcase name="shouldAnswerWithTrue" classname="com.miempresa.AppTest" time="0.016"/>
</testsuite>